<?xml version="1.0" encoding="UTF-8"?>
<!-- Generated by org.testng.reporters.JUnitXMLReporter -->
<testsuite hostname="QA-RANGARAJAN" ignored="6" name="WPT Sanity Check" tests="23" failures="0" timestamp="25 May 2021 06:49:07 GMT" time="724.668" errors="0">
  <testcase name="verify_ValidUser" time="3.179" classname="WPT.SanityTests"/>
  <testcase name="verify_Filter" time="17.851" classname="WPT.SanityTests"/>
  <testcase name="verify_EBookBookmark" time="78.259" classname="WPT.SanityTests"/>
  <testcase name="verify_EBookBookmarkDelete" time="14.745" classname="WPT.SanityTests"/>
  <testcase name="verify_EBookGotoPage" time="6.424" classname="WPT.SanityTests"/>
  <testcase name="borrow_EBook" time="94.359" classname="WPT.SanityTests"/>
  <testcase name="borrow_AudioBook" time="60.565" classname="WPT.SanityTests"/>
  <testcase name="search_EBook" time="4.059" classname="WPT.SanityTests"/>
  <testcase name="search_AudioBook" time="4.154" classname="WPT.SanityTests"/>
  <testcase name="verify_Shelf" time="1.541" classname="WPT.SanityTests"/>
  <testcase name="verify_Suggest" time="33.448" classname="WPT.SanityTests"/>
  <testcase name="verify_ClearHistory" time="7.361" classname="WPT.SanityTests"/>
  <testcase name="verify_flaggedTitle" time="27.134" classname="WPT.SanityTests"/>
  <testcase name="verifyInvalidUser" time="9.241" classname="Android.SanityDeviceTest"/>
  <testcase name="verifyLogin" time="17.546" classname="Android.SanityDeviceTest"/>
  <testcase name="verify_eBookFilter" time="52.214" classname="Android.SanityDeviceTest"/>
  <testcase name="verify_AudioBookFilter" time="57.657" classname="Android.SanityDeviceTest"/>
  <testcase name="verify_FavoritesFilter" time="36.157" classname="Android.SanityDeviceTest"/>
  <testcase name="verify_AllLanguageFilter" time="32.069" classname="Android.SanityDeviceTest"/>
  <testcase name="verify_BorrowEBook" time="21.067" classname="Android.SanityDeviceTest"/>
  <testcase name="verify_BorrowAudioBook" time="28.305" classname="Android.SanityDeviceTest"/>
  <testcase name="verify_BorrowPDF" time="19.307" classname="Android.SanityDeviceTest"/>
  <testcase name="verifyShelfName" time="14.996" classname="Android.SanityDeviceTest"/>
  <testcase name="verify_HistoryClear" time="0.0" classname="Android.SanityDeviceTest">
    <ignored/>
  </testcase> <!-- verify_HistoryClear -->
  <testcase name="verify_Fab" time="0.0" classname="Android.SanityDeviceTest">
    <ignored/>
  </testcase> <!-- verify_Fab -->
  <testcase name="Switch_Emulator" time="0.0" classname="WPT.SanityTests">
    <ignored/>
  </testcase> <!-- Switch_Emulator -->
  <testcase name="verify_BorrowHistory" time="0.0" classname="WPT.SanityTests">
    <ignored/>
  </testcase> <!-- verify_BorrowHistory -->
  <testcase name="verify_SaveTitle" time="0.0" classname="Android.SanityDeviceTest">
    <ignored/>
  </testcase> <!-- verify_SaveTitle -->
  <testcase name="verify_AddSecondUser" time="0.0" classname="Android.SanityDeviceTest">
    <ignored/>
  </testcase> <!-- verify_AddSecondUser -->
</testsuite> <!-- WPT Sanity Check -->
