<?xml version="1.0" encoding="UTF-8"?>
<!-- Generated by org.testng.reporters.JUnitXMLReporter -->
<testsuite hostname="QA-RANGARAJAN" ignored="6" name="WPT Sanity Check" tests="24" failures="0" timestamp="01 Jun 2021 05:03:04 GMT" time="903.501" errors="0">
  <testcase name="verify_ValidUser" time="3.167" classname="WPT.SanityTests"/>
  <testcase name="verify_Filter" time="14.87" classname="WPT.SanityTests"/>
  <testcase name="verify_EBookBookmark" time="81.983" classname="WPT.SanityTests"/>
  <testcase name="verify_EBookBookmarkDelete" time="14.716" classname="WPT.SanityTests"/>
  <testcase name="verify_EBookGotoPage" time="6.381" classname="WPT.SanityTests"/>
  <testcase name="borrow_EBook" time="86.132" classname="WPT.SanityTests">
    <skipped/>
  </testcase> <!-- borrow_EBook -->
  <testcase name="borrow_EBook" time="101.421" classname="WPT.SanityTests"/>
  <testcase name="borrow_AudioBook" time="57.251" classname="WPT.SanityTests"/>
  <testcase name="search_EBook" time="3.797" classname="WPT.SanityTests"/>
  <testcase name="search_AudioBook" time="4.024" classname="WPT.SanityTests"/>
  <testcase name="verify_Shelf" time="2.409" classname="WPT.SanityTests"/>
  <testcase name="verify_Suggest" time="45.875" classname="WPT.SanityTests"/>
  <testcase name="verify_ClearHistory" time="12.533" classname="WPT.SanityTests"/>
  <testcase name="verify_flaggedTitle" time="33.999" classname="WPT.SanityTests"/>
  <testcase name="verifyInvalidUser" time="11.646" classname="Android.SanityDeviceTest"/>
  <testcase name="verifyLogin" time="23.782" classname="Android.SanityDeviceTest"/>
  <testcase name="verify_eBookFilter" time="59.106" classname="Android.SanityDeviceTest"/>
  <testcase name="verify_AudioBookFilter" time="68.206" classname="Android.SanityDeviceTest"/>
  <testcase name="verify_FavoritesFilter" time="40.998" classname="Android.SanityDeviceTest"/>
  <testcase name="verify_AllLanguageFilter" time="39.579" classname="Android.SanityDeviceTest"/>
  <testcase name="verify_BorrowEBook" time="26.936" classname="Android.SanityDeviceTest"/>
  <testcase name="verify_BorrowAudioBook" time="34.144" classname="Android.SanityDeviceTest"/>
  <testcase name="verify_BorrowPDF" time="26.298" classname="Android.SanityDeviceTest"/>
  <testcase name="verifyShelfName" time="14.426" classname="Android.SanityDeviceTest"/>
  <testcase name="verify_HistoryClear" time="0.0" classname="Android.SanityDeviceTest">
    <ignored/>
  </testcase> <!-- verify_HistoryClear -->
  <testcase name="verify_Fab" time="0.0" classname="Android.SanityDeviceTest">
    <ignored/>
  </testcase> <!-- verify_Fab -->
  <testcase name="Switch_Emulator" time="0.0" classname="WPT.SanityTests">
    <ignored/>
  </testcase> <!-- Switch_Emulator -->
  <testcase name="verify_BorrowHistory" time="0.0" classname="WPT.SanityTests">
    <ignored/>
  </testcase> <!-- verify_BorrowHistory -->
  <testcase name="verify_SaveTitle" time="0.0" classname="Android.SanityDeviceTest">
    <ignored/>
  </testcase> <!-- verify_SaveTitle -->
  <testcase name="verify_AddSecondUser" time="0.0" classname="Android.SanityDeviceTest">
    <ignored/>
  </testcase> <!-- verify_AddSecondUser -->
</testsuite> <!-- WPT Sanity Check -->
