<?xml version="1.0" encoding="UTF-8"?>
<testng-results skipped="1" failed="0" ignored="3" total="24" passed="20">
  <reporter-output>
  </reporter-output>
  <suite name="CloudLibrary Sanity Suite" duration-ms="771450" started-at="2020-11-06T06:46:02Z" finished-at="2020-11-06T06:58:53Z">
    <groups>
      <group name="WPT">
        <method signature="SanityTests.borrow_AudioBook()[pri:0, instance:WPT.SanityTests@30b8a058]" name="borrow_AudioBook" class="WPT.SanityTests"/>
        <method signature="SanityTests.borrow_EBook()[pri:0, instance:WPT.SanityTests@30b8a058]" name="borrow_EBook" class="WPT.SanityTests"/>
        <method signature="SanityTests.search_AudioBook()[pri:0, instance:WPT.SanityTests@30b8a058]" name="search_AudioBook" class="WPT.SanityTests"/>
        <method signature="SanityTests.search_EBook()[pri:0, instance:WPT.SanityTests@30b8a058]" name="search_EBook" class="WPT.SanityTests"/>
        <method signature="SanityTests.verify_ClearHistory()[pri:0, instance:WPT.SanityTests@30b8a058]" name="verify_ClearHistory" class="WPT.SanityTests"/>
        <method signature="SanityTests.verify_EBookBookmark()[pri:0, instance:WPT.SanityTests@30b8a058]" name="verify_EBookBookmark" class="WPT.SanityTests"/>
        <method signature="SanityTests.verify_EBookBookmarkDelete()[pri:0, instance:WPT.SanityTests@30b8a058]" name="verify_EBookBookmarkDelete" class="WPT.SanityTests"/>
        <method signature="SanityTests.verify_EBookGotoPage()[pri:0, instance:WPT.SanityTests@30b8a058]" name="verify_EBookGotoPage" class="WPT.SanityTests"/>
        <method signature="SanityTests.verify_Filter()[pri:0, instance:WPT.SanityTests@30b8a058]" name="verify_Filter" class="WPT.SanityTests"/>
        <method signature="SanityTests.verify_Shelf()[pri:0, instance:WPT.SanityTests@30b8a058]" name="verify_Shelf" class="WPT.SanityTests"/>
        <method signature="SanityTests.verify_Suggest()[pri:0, instance:WPT.SanityTests@30b8a058]" name="verify_Suggest" class="WPT.SanityTests"/>
        <method signature="SanityTests.verify_ValidUser()[pri:0, instance:WPT.SanityTests@30b8a058]" name="verify_ValidUser" class="WPT.SanityTests"/>
        <method signature="SanityTests.verify_flaggedTitle()[pri:0, instance:WPT.SanityTests@30b8a058]" name="verify_flaggedTitle" class="WPT.SanityTests"/>
      </group> <!-- WPT -->
      <group name="Android">
        <method signature="SanityDeviceTest.verifyInvalidUser()[pri:0, instance:Android.SanityDeviceTest@7494e528]" name="verifyInvalidUser" class="Android.SanityDeviceTest"/>
        <method signature="SanityDeviceTest.verifyLogin()[pri:0, instance:Android.SanityDeviceTest@7494e528]" name="verifyLogin" class="Android.SanityDeviceTest"/>
        <method signature="SanityDeviceTest.verifyShelfName()[pri:0, instance:Android.SanityDeviceTest@7494e528]" name="verifyShelfName" class="Android.SanityDeviceTest"/>
        <method signature="SanityDeviceTest.verify_AudioBookFilter()[pri:0, instance:Android.SanityDeviceTest@7494e528]" name="verify_AudioBookFilter" class="Android.SanityDeviceTest"/>
        <method signature="SanityDeviceTest.verify_BorrowAudioBook()[pri:0, instance:Android.SanityDeviceTest@7494e528]" name="verify_BorrowAudioBook" class="Android.SanityDeviceTest"/>
        <method signature="SanityDeviceTest.verify_BorrowEBook()[pri:0, instance:Android.SanityDeviceTest@7494e528]" name="verify_BorrowEBook" class="Android.SanityDeviceTest"/>
        <method signature="SanityDeviceTest.verify_eBookFilter()[pri:0, instance:Android.SanityDeviceTest@7494e528]" name="verify_eBookFilter" class="Android.SanityDeviceTest"/>
      </group> <!-- Android -->
    </groups>
    <test name="WPT Sanity Check" duration-ms="771450" started-at="2020-11-06T06:46:02Z" finished-at="2020-11-06T06:58:53Z">
      <class name="WPT.SanityTests">
        <test-method status="PASS" signature="setUp()[pri:0, instance:WPT.SanityTests@30b8a058]" name="setUp" is-config="true" duration-ms="13517" started-at="2020-11-06T06:46:02Z" finished-at="2020-11-06T06:46:15Z">
          <reporter-output>
          </reporter-output>
        </test-method> <!-- setUp -->
        <test-method status="PASS" signature="verify_ValidUser()[pri:0, instance:WPT.SanityTests@30b8a058]" name="verify_ValidUser" duration-ms="3319" started-at="2020-11-06T06:46:15Z" description="Validate Authentication by entering Valid Credentials" finished-at="2020-11-06T06:46:19Z">
          <reporter-output>
          </reporter-output>
        </test-method> <!-- verify_ValidUser -->
        <test-method status="PASS" signature="verify_Filter()[pri:0, instance:WPT.SanityTests@30b8a058]" name="verify_Filter" duration-ms="14564" started-at="2020-11-06T06:46:19Z" description="Verify the Filter functionality for EBook and Audiobook" finished-at="2020-11-06T06:46:33Z">
          <reporter-output>
          </reporter-output>
        </test-method> <!-- verify_Filter -->
        <test-method status="PASS" signature="verify_EBookBookmark()[pri:0, instance:WPT.SanityTests@30b8a058]" name="verify_EBookBookmark" duration-ms="105235" started-at="2020-11-06T06:46:33Z" description="Verify the Bookmark in EBook" finished-at="2020-11-06T06:48:18Z">
          <reporter-output>
          </reporter-output>
        </test-method> <!-- verify_EBookBookmark -->
        <test-method status="PASS" signature="verify_EBookBookmarkDelete()[pri:0, instance:WPT.SanityTests@30b8a058]" name="verify_EBookBookmarkDelete" duration-ms="14872" started-at="2020-11-06T06:48:18Z" description="Verify the Bookmark in EBook" finished-at="2020-11-06T06:48:33Z">
          <reporter-output>
          </reporter-output>
        </test-method> <!-- verify_EBookBookmarkDelete -->
        <test-method status="PASS" signature="verify_EBookGotoPage()[pri:0, instance:WPT.SanityTests@30b8a058]" name="verify_EBookGotoPage" duration-ms="6411" started-at="2020-11-06T06:48:33Z" description="Verify the Bookmark in EBook" finished-at="2020-11-06T06:48:40Z">
          <reporter-output>
          </reporter-output>
        </test-method> <!-- verify_EBookGotoPage -->
        <test-method status="SKIP" signature="borrow_EBook()[pri:0, instance:WPT.SanityTests@30b8a058]" name="borrow_EBook" duration-ms="98283" started-at="2020-11-06T06:48:40Z" description="Borrow an EBook and verify the functionalities" finished-at="2020-11-06T06:50:18Z">
          <exception class="org.openqa.selenium.TimeoutException">
            <message>
              <![CDATA[Expected condition failed: waiting for element to be clickable: By.xpath: //span[@id='close'] (tried for 20 second(s) with 2000 milliseconds interval)]]>
            </message>
            <full-stacktrace>
              <![CDATA[org.openqa.selenium.TimeoutException: Expected condition failed: waiting for element to be clickable: By.xpath: //span[@id='close'] (tried for 20 second(s) with 2000 milliseconds interval)
at org.openqa.selenium.support.ui.FluentWait.timeoutException(FluentWait.java:304)
at org.openqa.selenium.support.ui.FluentWait.until(FluentWait.java:272)
at WebPages.WPTBasePage.getElement(WPTBasePage.java:48)
at WPT.SanityTests.borrow_EBook(SanityTests.java:194)
at sun.reflect.NativeMethodAccessorImpl.invoke0(Native Method)
at sun.reflect.NativeMethodAccessorImpl.invoke(NativeMethodAccessorImpl.java:62)
at sun.reflect.DelegatingMethodAccessorImpl.invoke(DelegatingMethodAccessorImpl.java:43)
at java.lang.reflect.Method.invoke(Method.java:498)
at org.testng.internal.MethodInvocationHelper.invokeMethod(MethodInvocationHelper.java:124)
at org.testng.internal.Invoker.invokeMethod(Invoker.java:580)
at org.testng.internal.Invoker.invokeTestMethod(Invoker.java:716)
at org.testng.internal.Invoker.invokeTestMethods(Invoker.java:988)
at org.testng.internal.TestMethodWorker.invokeTestMethods(TestMethodWorker.java:125)
at org.testng.internal.TestMethodWorker.run(TestMethodWorker.java:109)
at org.testng.TestRunner.privateRun(TestRunner.java:648)
at org.testng.TestRunner.run(TestRunner.java:505)
at org.testng.SuiteRunner.runTest(SuiteRunner.java:455)
at org.testng.SuiteRunner.runSequentially(SuiteRunner.java:450)
at org.testng.SuiteRunner.privateRun(SuiteRunner.java:415)
at org.testng.SuiteRunner.run(SuiteRunner.java:364)
at org.testng.SuiteRunnerWorker.runSuite(SuiteRunnerWorker.java:52)
at org.testng.SuiteRunnerWorker.run(SuiteRunnerWorker.java:84)
at org.testng.TestNG.runSuitesSequentially(TestNG.java:1208)
at org.testng.TestNG.runSuitesLocally(TestNG.java:1137)
at org.testng.TestNG.runSuites(TestNG.java:1049)
at org.testng.TestNG.run(TestNG.java:1017)
at org.testng.remote.AbstractRemoteTestNG.run(AbstractRemoteTestNG.java:115)
at org.testng.remote.RemoteTestNG.initAndRun(RemoteTestNG.java:251)
at org.testng.remote.RemoteTestNG.main(RemoteTestNG.java:77)
Caused by: org.openqa.selenium.NoSuchElementException: no such element: Unable to locate element: {"method":"xpath","selector":"//span[@id='close']"}
  (Session info: chrome=86.0.4240.111)
For documentation on this error, please visit: https://www.seleniumhq.org/exceptions/no_such_element.html
Build info: version: '3.141.59', revision: 'e82be7d358', time: '2018-11-14T08:17:03'
System info: host: 'QA-RANGARAJAN', ip: '192.168.60.190', os.name: 'Windows 10', os.arch: 'amd64', os.version: '10.0', java.version: '1.8.0_181'
Driver info: org.openqa.selenium.chrome.ChromeDriver
Capabilities {acceptInsecureCerts: false, browserName: chrome, browserVersion: 86.0.4240.111, chrome: {chromedriverVersion: 85.0.4183.83 (94abc2237ae0c..., userDataDir: C:\Users\RANGAR~1\AppData\L...}, goog:chromeOptions: {debuggerAddress: localhost:21210}, javascriptEnabled: true, networkConnectionEnabled: false, pageLoadStrategy: normal, platform: WINDOWS, platformName: WINDOWS, proxy: Proxy(), setWindowRect: true, strictFileInteractability: false, timeouts: {implicit: 0, pageLoad: 300000, script: 30000}, unhandledPromptBehavior: dismiss and notify, webauthn:virtualAuthenticators: true}
Session ID: cf06bea2c546273260f4fdc4c115830c
*** Element info: {Using=xpath, value=//span[@id='close']}
at sun.reflect.GeneratedConstructorAccessor15.newInstance(Unknown Source)
at sun.reflect.DelegatingConstructorAccessorImpl.newInstance(DelegatingConstructorAccessorImpl.java:45)
at java.lang.reflect.Constructor.newInstance(Constructor.java:423)
at org.openqa.selenium.remote.http.W3CHttpResponseCodec.createException(W3CHttpResponseCodec.java:187)
at org.openqa.selenium.remote.http.W3CHttpResponseCodec.decode(W3CHttpResponseCodec.java:122)
at org.openqa.selenium.remote.http.W3CHttpResponseCodec.decode(W3CHttpResponseCodec.java:49)
at org.openqa.selenium.remote.HttpCommandExecutor.execute(HttpCommandExecutor.java:158)
at org.openqa.selenium.remote.service.DriverCommandExecutor.execute(DriverCommandExecutor.java:83)
at org.openqa.selenium.remote.RemoteWebDriver.execute(RemoteWebDriver.java:552)
at org.openqa.selenium.remote.RemoteWebDriver.findElement(RemoteWebDriver.java:323)
at org.openqa.selenium.remote.RemoteWebDriver.findElementByXPath(RemoteWebDriver.java:428)
at org.openqa.selenium.By$ByXPath.findElement(By.java:353)
at org.openqa.selenium.remote.RemoteWebDriver.findElement(RemoteWebDriver.java:315)
at org.openqa.selenium.support.ui.ExpectedConditions$7.apply(ExpectedConditions.java:205)
at org.openqa.selenium.support.ui.ExpectedConditions$7.apply(ExpectedConditions.java:201)
at org.openqa.selenium.support.ui.ExpectedConditions$22.apply(ExpectedConditions.java:641)
at org.openqa.selenium.support.ui.ExpectedConditions$22.apply(ExpectedConditions.java:638)
at org.openqa.selenium.support.ui.FluentWait.until(FluentWait.java:249)
... 27 more
]]>
            </full-stacktrace>
          </exception> <!-- org.openqa.selenium.TimeoutException -->
          <reporter-output>
          </reporter-output>
        </test-method> <!-- borrow_EBook -->
        <test-method status="PASS" signature="borrow_EBook()[pri:0, instance:WPT.SanityTests@30b8a058]" name="borrow_EBook" duration-ms="105322" started-at="2020-11-06T06:50:18Z" description="Borrow an EBook and verify the functionalities" finished-at="2020-11-06T06:52:03Z">
          <reporter-output>
          </reporter-output>
        </test-method> <!-- borrow_EBook -->
        <test-method status="PASS" signature="borrow_AudioBook()[pri:0, instance:WPT.SanityTests@30b8a058]" name="borrow_AudioBook" duration-ms="58467" started-at="2020-11-06T06:52:03Z" description="Borrow an Audiobook and verify the functionalities" finished-at="2020-11-06T06:53:02Z">
          <reporter-output>
          </reporter-output>
        </test-method> <!-- borrow_AudioBook -->
        <test-method status="PASS" signature="search_EBook()[pri:0, instance:WPT.SanityTests@30b8a058]" name="search_EBook" duration-ms="4466" started-at="2020-11-06T06:53:02Z" description="Search and verify the details of Ebook" finished-at="2020-11-06T06:53:06Z">
          <reporter-output>
          </reporter-output>
        </test-method> <!-- search_EBook -->
        <test-method status="PASS" signature="search_AudioBook()[pri:0, instance:WPT.SanityTests@30b8a058]" name="search_AudioBook" duration-ms="4070" started-at="2020-11-06T06:53:06Z" description="Search and verify the details of Audiobook" finished-at="2020-11-06T06:53:10Z">
          <reporter-output>
          </reporter-output>
        </test-method> <!-- search_AudioBook -->
        <test-method status="PASS" signature="verify_Shelf()[pri:0, instance:WPT.SanityTests@30b8a058]" name="verify_Shelf" duration-ms="1711" started-at="2020-11-06T06:53:10Z" description="Verify the Shelf got loaded in the Featured Page" finished-at="2020-11-06T06:53:12Z">
          <reporter-output>
          </reporter-output>
        </test-method> <!-- verify_Shelf -->
        <test-method status="PASS" signature="verify_Suggest()[pri:0, instance:WPT.SanityTests@30b8a058]" name="verify_Suggest" duration-ms="32819" started-at="2020-11-06T06:53:12Z" description="Search and verify the details of Suggested eBooks and Audiobooks" finished-at="2020-11-06T06:53:45Z">
          <reporter-output>
          </reporter-output>
        </test-method> <!-- verify_Suggest -->
        <test-method status="PASS" signature="verify_ClearHistory()[pri:0, instance:WPT.SanityTests@30b8a058]" name="verify_ClearHistory" duration-ms="11090" started-at="2020-11-06T06:53:45Z" description="Verify borrowing the titles from the History section" finished-at="2020-11-06T06:53:56Z">
          <reporter-output>
          </reporter-output>
        </test-method> <!-- verify_ClearHistory -->
        <test-method status="PASS" signature="verify_flaggedTitle()[pri:0, instance:WPT.SanityTests@30b8a058]" name="verify_flaggedTitle" duration-ms="25181" started-at="2020-11-06T06:53:56Z" description="Verify borrowing the titles from the History section" finished-at="2020-11-06T06:54:21Z">
          <reporter-output>
          </reporter-output>
        </test-method> <!-- verify_flaggedTitle -->
        <test-method status="PASS" signature="tearDown()[pri:0, instance:WPT.SanityTests@30b8a058]" name="tearDown" is-config="true" duration-ms="807" started-at="2020-11-06T06:54:21Z" finished-at="2020-11-06T06:54:22Z">
          <reporter-output>
          </reporter-output>
        </test-method> <!-- tearDown -->
      </class> <!-- WPT.SanityTests -->
      <class name="Android.SanityDeviceTest">
        <test-method status="PASS" signature="setUp()[pri:0, instance:Android.SanityDeviceTest@7494e528]" name="setUp" is-config="true" duration-ms="78600" started-at="2020-11-06T06:54:22Z" finished-at="2020-11-06T06:55:41Z">
          <reporter-output>
          </reporter-output>
        </test-method> <!-- setUp -->
        <test-method status="PASS" signature="verifyInvalidUser()[pri:0, instance:Android.SanityDeviceTest@7494e528]" name="verifyInvalidUser" duration-ms="9946" started-at="2020-11-06T06:55:41Z" description="Validate Authentication by entering Invalid Credentials" finished-at="2020-11-06T06:55:51Z">
          <reporter-output>
          </reporter-output>
        </test-method> <!-- verifyInvalidUser -->
        <test-method status="PASS" signature="verifyLogin()[pri:0, instance:Android.SanityDeviceTest@7494e528]" name="verifyLogin" duration-ms="18595" started-at="2020-11-06T06:55:51Z" description="TC_17012 Login [MSS]: Go through the overall login flow." finished-at="2020-11-06T06:56:09Z">
          <reporter-output>
          </reporter-output>
        </test-method> <!-- verifyLogin -->
        <test-method status="PASS" signature="verify_eBookFilter()[pri:0, instance:Android.SanityDeviceTest@7494e528]" name="verify_eBookFilter" duration-ms="55341" started-at="2020-11-06T06:56:09Z" description="Filter the eBooks" finished-at="2020-11-06T06:57:04Z">
          <reporter-output>
          </reporter-output>
        </test-method> <!-- verify_eBookFilter -->
        <test-method status="PASS" signature="verify_AudioBookFilter()[pri:0, instance:Android.SanityDeviceTest@7494e528]" name="verify_AudioBookFilter" duration-ms="50136" started-at="2020-11-06T06:57:04Z" description="Filter the AudioBooks" finished-at="2020-11-06T06:57:55Z">
          <reporter-output>
          </reporter-output>
        </test-method> <!-- verify_AudioBookFilter -->
        <test-method status="PASS" signature="verify_BorrowEBook()[pri:0, instance:Android.SanityDeviceTest@7494e528]" name="verify_BorrowEBook" duration-ms="20771" started-at="2020-11-06T06:57:55Z" description="Borrow the EBook and Verify" finished-at="2020-11-06T06:58:15Z">
          <reporter-output>
          </reporter-output>
        </test-method> <!-- verify_BorrowEBook -->
        <test-method status="PASS" signature="verify_BorrowAudioBook()[pri:0, instance:Android.SanityDeviceTest@7494e528]" name="verify_BorrowAudioBook" duration-ms="26793" started-at="2020-11-06T06:58:15Z" description="Borrow the AudioBook and Verify" finished-at="2020-11-06T06:58:42Z">
          <reporter-output>
          </reporter-output>
        </test-method> <!-- verify_BorrowAudioBook -->
        <test-method status="PASS" signature="verifyShelfName()[pri:0, instance:Android.SanityDeviceTest@7494e528]" name="verifyShelfName" duration-ms="3942" started-at="2020-11-06T06:58:42Z" description="Verify the Shelf Name" finished-at="2020-11-06T06:58:46Z">
          <reporter-output>
          </reporter-output>
        </test-method> <!-- verifyShelfName -->
        <test-method status="PASS" signature="tearDown()[pri:0, instance:Android.SanityDeviceTest@7494e528]" name="tearDown" is-config="true" duration-ms="7146" started-at="2020-11-06T06:58:46Z" finished-at="2020-11-06T06:58:53Z">
          <reporter-output>
          </reporter-output>
        </test-method> <!-- tearDown -->
      </class> <!-- Android.SanityDeviceTest -->
    </test> <!-- WPT Sanity Check -->
  </suite> <!-- CloudLibrary Sanity Suite -->
</testng-results>
