<?xml version="1.0" encoding="UTF-8"?>
<testng-results skipped="0" failed="0" ignored="6" total="29" passed="23">
  <reporter-output>
  </reporter-output>
  <suite name="CloudLibrary Sanity Suite" duration-ms="724668" started-at="2021-05-25T06:37:02Z" finished-at="2021-05-25T06:49:07Z">
    <groups>
      <group name="WPT">
        <method signature="SanityTests.borrow_AudioBook()[pri:0, instance:WPT.SanityTests@30b8a058]" name="borrow_AudioBook" class="WPT.SanityTests"/>
        <method signature="SanityTests.borrow_EBook()[pri:0, instance:WPT.SanityTests@30b8a058]" name="borrow_EBook" class="WPT.SanityTests"/>
        <method signature="SanityTests.search_AudioBook()[pri:0, instance:WPT.SanityTests@30b8a058]" name="search_AudioBook" class="WPT.SanityTests"/>
        <method signature="SanityTests.search_EBook()[pri:0, instance:WPT.SanityTests@30b8a058]" name="search_EBook" class="WPT.SanityTests"/>
        <method signature="SanityTests.verify_ClearHistory()[pri:0, instance:WPT.SanityTests@30b8a058]" name="verify_ClearHistory" class="WPT.SanityTests"/>
        <method signature="SanityTests.verify_EBookBookmark()[pri:0, instance:WPT.SanityTests@30b8a058]" name="verify_EBookBookmark" class="WPT.SanityTests"/>
        <method signature="SanityTests.verify_EBookBookmarkDelete()[pri:0, instance:WPT.SanityTests@30b8a058]" name="verify_EBookBookmarkDelete" class="WPT.SanityTests"/>
        <method signature="SanityTests.verify_EBookGotoPage()[pri:0, instance:WPT.SanityTests@30b8a058]" name="verify_EBookGotoPage" class="WPT.SanityTests"/>
        <method signature="SanityTests.verify_Filter()[pri:0, instance:WPT.SanityTests@30b8a058]" name="verify_Filter" class="WPT.SanityTests"/>
        <method signature="SanityTests.verify_Shelf()[pri:0, instance:WPT.SanityTests@30b8a058]" name="verify_Shelf" class="WPT.SanityTests"/>
        <method signature="SanityTests.verify_Suggest()[pri:0, instance:WPT.SanityTests@30b8a058]" name="verify_Suggest" class="WPT.SanityTests"/>
        <method signature="SanityTests.verify_ValidUser()[pri:0, instance:WPT.SanityTests@30b8a058]" name="verify_ValidUser" class="WPT.SanityTests"/>
        <method signature="SanityTests.verify_flaggedTitle()[pri:0, instance:WPT.SanityTests@30b8a058]" name="verify_flaggedTitle" class="WPT.SanityTests"/>
      </group> <!-- WPT -->
      <group name="Android">
        <method signature="SanityDeviceTest.verifyInvalidUser()[pri:0, instance:Android.SanityDeviceTest@7494e528]" name="verifyInvalidUser" class="Android.SanityDeviceTest"/>
        <method signature="SanityDeviceTest.verifyLogin()[pri:0, instance:Android.SanityDeviceTest@7494e528]" name="verifyLogin" class="Android.SanityDeviceTest"/>
        <method signature="SanityDeviceTest.verifyShelfName()[pri:0, instance:Android.SanityDeviceTest@7494e528]" name="verifyShelfName" class="Android.SanityDeviceTest"/>
        <method signature="SanityDeviceTest.verify_AllLanguageFilter()[pri:0, instance:Android.SanityDeviceTest@7494e528]" name="verify_AllLanguageFilter" class="Android.SanityDeviceTest"/>
        <method signature="SanityDeviceTest.verify_AudioBookFilter()[pri:0, instance:Android.SanityDeviceTest@7494e528]" name="verify_AudioBookFilter" class="Android.SanityDeviceTest"/>
        <method signature="SanityDeviceTest.verify_BorrowAudioBook()[pri:0, instance:Android.SanityDeviceTest@7494e528]" name="verify_BorrowAudioBook" class="Android.SanityDeviceTest"/>
        <method signature="SanityDeviceTest.verify_BorrowEBook()[pri:0, instance:Android.SanityDeviceTest@7494e528]" name="verify_BorrowEBook" class="Android.SanityDeviceTest"/>
        <method signature="SanityDeviceTest.verify_BorrowPDF()[pri:0, instance:Android.SanityDeviceTest@7494e528]" name="verify_BorrowPDF" class="Android.SanityDeviceTest"/>
        <method signature="SanityDeviceTest.verify_FavoritesFilter()[pri:0, instance:Android.SanityDeviceTest@7494e528]" name="verify_FavoritesFilter" class="Android.SanityDeviceTest"/>
        <method signature="SanityDeviceTest.verify_eBookFilter()[pri:0, instance:Android.SanityDeviceTest@7494e528]" name="verify_eBookFilter" class="Android.SanityDeviceTest"/>
      </group> <!-- Android -->
    </groups>
    <test name="WPT Sanity Check" duration-ms="724668" started-at="2021-05-25T06:37:02Z" finished-at="2021-05-25T06:49:07Z">
      <class name="WPT.SanityTests">
        <test-method status="PASS" signature="setUp()[pri:0, instance:WPT.SanityTests@30b8a058]" name="setUp" is-config="true" duration-ms="8680" started-at="2021-05-25T06:37:02Z" finished-at="2021-05-25T06:37:11Z">
          <reporter-output>
          </reporter-output>
        </test-method> <!-- setUp -->
        <test-method status="PASS" signature="verify_ValidUser()[pri:0, instance:WPT.SanityTests@30b8a058]" name="verify_ValidUser" duration-ms="3179" started-at="2021-05-25T06:37:11Z" description="Validate Authentication by entering Valid Credentials" finished-at="2021-05-25T06:37:14Z">
          <reporter-output>
          </reporter-output>
        </test-method> <!-- verify_ValidUser -->
        <test-method status="PASS" signature="verify_Filter()[pri:0, instance:WPT.SanityTests@30b8a058]" name="verify_Filter" duration-ms="17851" started-at="2021-05-25T06:37:14Z" description="Verify the Filter functionality for EBook and Audiobook" finished-at="2021-05-25T06:37:32Z">
          <reporter-output>
          </reporter-output>
        </test-method> <!-- verify_Filter -->
        <test-method status="PASS" signature="verify_EBookBookmark()[pri:0, instance:WPT.SanityTests@30b8a058]" name="verify_EBookBookmark" duration-ms="78259" started-at="2021-05-25T06:37:32Z" description="Verify the Bookmark in EBook" finished-at="2021-05-25T06:38:50Z">
          <reporter-output>
          </reporter-output>
        </test-method> <!-- verify_EBookBookmark -->
        <test-method status="PASS" signature="verify_EBookBookmarkDelete()[pri:0, instance:WPT.SanityTests@30b8a058]" name="verify_EBookBookmarkDelete" duration-ms="14745" started-at="2021-05-25T06:38:50Z" description="Verify the Bookmark in EBook" finished-at="2021-05-25T06:39:05Z">
          <reporter-output>
          </reporter-output>
        </test-method> <!-- verify_EBookBookmarkDelete -->
        <test-method status="PASS" signature="verify_EBookGotoPage()[pri:0, instance:WPT.SanityTests@30b8a058]" name="verify_EBookGotoPage" duration-ms="6424" started-at="2021-05-25T06:39:05Z" description="Verify the Bookmark in EBook" finished-at="2021-05-25T06:39:11Z">
          <reporter-output>
          </reporter-output>
        </test-method> <!-- verify_EBookGotoPage -->
        <test-method status="PASS" signature="borrow_EBook()[pri:0, instance:WPT.SanityTests@30b8a058]" name="borrow_EBook" duration-ms="94359" started-at="2021-05-25T06:39:11Z" description="Borrow an EBook and verify the functionalities" finished-at="2021-05-25T06:40:46Z">
          <reporter-output>
          </reporter-output>
        </test-method> <!-- borrow_EBook -->
        <test-method status="PASS" signature="borrow_AudioBook()[pri:0, instance:WPT.SanityTests@30b8a058]" name="borrow_AudioBook" duration-ms="60565" started-at="2021-05-25T06:40:46Z" description="Borrow an Audiobook and verify the functionalities" finished-at="2021-05-25T06:41:46Z">
          <reporter-output>
          </reporter-output>
        </test-method> <!-- borrow_AudioBook -->
        <test-method status="PASS" signature="search_EBook()[pri:0, instance:WPT.SanityTests@30b8a058]" name="search_EBook" duration-ms="4059" started-at="2021-05-25T06:41:46Z" description="Search and verify the details of Ebook" finished-at="2021-05-25T06:41:50Z">
          <reporter-output>
          </reporter-output>
        </test-method> <!-- search_EBook -->
        <test-method status="PASS" signature="search_AudioBook()[pri:0, instance:WPT.SanityTests@30b8a058]" name="search_AudioBook" duration-ms="4154" started-at="2021-05-25T06:41:50Z" description="Search and verify the details of Audiobook" finished-at="2021-05-25T06:41:54Z">
          <reporter-output>
          </reporter-output>
        </test-method> <!-- search_AudioBook -->
        <test-method status="PASS" signature="verify_Shelf()[pri:0, instance:WPT.SanityTests@30b8a058]" name="verify_Shelf" duration-ms="1541" started-at="2021-05-25T06:41:54Z" description="Verify the Shelf got loaded in the Featured Page" finished-at="2021-05-25T06:41:56Z">
          <reporter-output>
          </reporter-output>
        </test-method> <!-- verify_Shelf -->
        <test-method status="PASS" signature="verify_Suggest()[pri:0, instance:WPT.SanityTests@30b8a058]" name="verify_Suggest" duration-ms="33448" started-at="2021-05-25T06:41:56Z" description="Search and verify the details of Suggested eBooks and Audiobooks" finished-at="2021-05-25T06:42:29Z">
          <reporter-output>
          </reporter-output>
        </test-method> <!-- verify_Suggest -->
        <test-method status="PASS" signature="verify_ClearHistory()[pri:0, instance:WPT.SanityTests@30b8a058]" name="verify_ClearHistory" duration-ms="7361" started-at="2021-05-25T06:42:29Z" description="Verify borrowing the titles from the History section" finished-at="2021-05-25T06:42:37Z">
          <reporter-output>
          </reporter-output>
        </test-method> <!-- verify_ClearHistory -->
        <test-method status="PASS" signature="verify_flaggedTitle()[pri:0, instance:WPT.SanityTests@30b8a058]" name="verify_flaggedTitle" duration-ms="27134" started-at="2021-05-25T06:42:37Z" description="Verify borrowing the titles from the History section" finished-at="2021-05-25T06:43:04Z">
          <reporter-output>
          </reporter-output>
        </test-method> <!-- verify_flaggedTitle -->
        <test-method status="PASS" signature="tearDown()[pri:0, instance:WPT.SanityTests@30b8a058]" name="tearDown" is-config="true" duration-ms="785" started-at="2021-05-25T06:43:04Z" finished-at="2021-05-25T06:43:05Z">
          <reporter-output>
          </reporter-output>
        </test-method> <!-- tearDown -->
      </class> <!-- WPT.SanityTests -->
      <class name="Android.SanityDeviceTest">
        <test-method status="PASS" signature="setUp()[pri:0, instance:Android.SanityDeviceTest@7494e528]" name="setUp" is-config="true" duration-ms="67514" started-at="2021-05-25T06:43:05Z" finished-at="2021-05-25T06:44:12Z">
          <reporter-output>
          </reporter-output>
        </test-method> <!-- setUp -->
        <test-method status="PASS" signature="verifyInvalidUser()[pri:0, instance:Android.SanityDeviceTest@7494e528]" name="verifyInvalidUser" duration-ms="9241" started-at="2021-05-25T06:44:12Z" description="Validate Authentication by entering Invalid Credentials" finished-at="2021-05-25T06:44:21Z">
          <reporter-output>
          </reporter-output>
        </test-method> <!-- verifyInvalidUser -->
        <test-method status="PASS" signature="verifyLogin()[pri:0, instance:Android.SanityDeviceTest@7494e528]" name="verifyLogin" duration-ms="17546" started-at="2021-05-25T06:44:21Z" description="TC_17012 Login [MSS]: Go through the overall login flow." finished-at="2021-05-25T06:44:39Z">
          <reporter-output>
          </reporter-output>
        </test-method> <!-- verifyLogin -->
        <test-method status="PASS" signature="verify_eBookFilter()[pri:0, instance:Android.SanityDeviceTest@7494e528]" name="verify_eBookFilter" duration-ms="52214" started-at="2021-05-25T06:44:39Z" description="Filter the eBooks" finished-at="2021-05-25T06:45:31Z">
          <reporter-output>
          </reporter-output>
        </test-method> <!-- verify_eBookFilter -->
        <test-method status="PASS" signature="verify_AudioBookFilter()[pri:0, instance:Android.SanityDeviceTest@7494e528]" name="verify_AudioBookFilter" duration-ms="57657" started-at="2021-05-25T06:45:31Z" description="Filter the AudioBooks" finished-at="2021-05-25T06:46:29Z">
          <reporter-output>
          </reporter-output>
        </test-method> <!-- verify_AudioBookFilter -->
        <test-method status="PASS" signature="verify_FavoritesFilter()[pri:0, instance:Android.SanityDeviceTest@7494e528]" name="verify_FavoritesFilter" duration-ms="36157" started-at="2021-05-25T06:46:29Z" description="Search a title in the All tab after applying Language filter" finished-at="2021-05-25T06:47:05Z">
          <reporter-output>
          </reporter-output>
        </test-method> <!-- verify_FavoritesFilter -->
        <test-method status="PASS" signature="verify_AllLanguageFilter()[pri:0, instance:Android.SanityDeviceTest@7494e528]" name="verify_AllLanguageFilter" duration-ms="32069" started-at="2021-05-25T06:47:05Z" description="Search a title in the All tab after applying Language filter" finished-at="2021-05-25T06:47:37Z">
          <reporter-output>
          </reporter-output>
        </test-method> <!-- verify_AllLanguageFilter -->
        <test-method status="PASS" signature="verify_BorrowEBook()[pri:0, instance:Android.SanityDeviceTest@7494e528]" name="verify_BorrowEBook" duration-ms="21067" started-at="2021-05-25T06:47:37Z" description="Borrow the EBook and Verify" finished-at="2021-05-25T06:47:58Z">
          <reporter-output>
          </reporter-output>
        </test-method> <!-- verify_BorrowEBook -->
        <test-method status="PASS" signature="verify_BorrowAudioBook()[pri:0, instance:Android.SanityDeviceTest@7494e528]" name="verify_BorrowAudioBook" duration-ms="28305" started-at="2021-05-25T06:47:58Z" description="Borrow the AudioBook and Verify" finished-at="2021-05-25T06:48:26Z">
          <reporter-output>
          </reporter-output>
        </test-method> <!-- verify_BorrowAudioBook -->
        <test-method status="PASS" signature="verify_BorrowPDF()[pri:0, instance:Android.SanityDeviceTest@7494e528]" name="verify_BorrowPDF" duration-ms="19307" started-at="2021-05-25T06:48:26Z" description="Borrow the PDF and Verify" finished-at="2021-05-25T06:48:46Z">
          <reporter-output>
          </reporter-output>
        </test-method> <!-- verify_BorrowPDF -->
        <test-method status="PASS" signature="verifyShelfName()[pri:0, instance:Android.SanityDeviceTest@7494e528]" name="verifyShelfName" duration-ms="14996" started-at="2021-05-25T06:48:46Z" description="Verify the Shelf Name" finished-at="2021-05-25T06:49:01Z">
          <reporter-output>
          </reporter-output>
        </test-method> <!-- verifyShelfName -->
        <test-method status="PASS" signature="tearDown()[pri:0, instance:Android.SanityDeviceTest@7494e528]" name="tearDown" is-config="true" duration-ms="6021" started-at="2021-05-25T06:49:01Z" finished-at="2021-05-25T06:49:07Z">
          <reporter-output>
          </reporter-output>
        </test-method> <!-- tearDown -->
      </class> <!-- Android.SanityDeviceTest -->
    </test> <!-- WPT Sanity Check -->
  </suite> <!-- CloudLibrary Sanity Suite -->
</testng-results>
