<?xml version="1.0" encoding="UTF-8"?>
<!-- Generated by org.testng.reporters.JUnitXMLReporter -->
<testsuite hostname="QA-RANGARAJAN" ignored="0" name="WPT Sanity Check" tests="19" failures="0" timestamp="02 Jul 2020 06:20:00 GMT" time="1020.238" errors="0">
  <testcase name="verify_ValidUser" time="5.519" classname="WPT.SanityTests"/>
  <testcase name="borrow_EBook" time="134.894" classname="WPT.SanityTests"/>
  <testcase name="borrow_AudioBook" time="64.644" classname="WPT.SanityTests"/>
  <testcase name="search_EBook" time="4.333" classname="WPT.SanityTests"/>
  <testcase name="search_AudioBook" time="4.285" classname="WPT.SanityTests"/>
  <testcase name="verify_Shelf" time="0.787" classname="WPT.SanityTests"/>
  <testcase name="verify_Filter" time="14.633" classname="WPT.SanityTests"/>
  <testcase name="verifyInvalidUser" time="9.367" classname="Android.SanityDeviceTest"/>
  <testcase name="verifyLogin" time="21.148" classname="Android.SanityDeviceTest"/>
  <testcase name="verify_BorrowEBook" time="31.216" classname="Android.SanityDeviceTest"/>
  <testcase name="verify_BorrowAudioBook" time="99.824" classname="Android.SanityDeviceTest"/>
  <testcase name="verify_eBookFilter" time="48.041" classname="Android.SanityDeviceTest"/>
  <testcase name="verify_AudioBookFilter" time="52.035" classname="Android.SanityDeviceTest"/>
  <testcase name="verifyShelfName" time="4.694" classname="Android.SanityDeviceTest"/>
  <testcase name="verifyValidLogin" time="22.829" classname="Android.SanityDeviceBrowser"/>
  <testcase name="verify_BorrowEBook" time="130.113" classname="Android.SanityDeviceBrowser"/>
  <testcase name="verify_BorrowAudioBook" time="86.549" classname="Android.SanityDeviceBrowser"/>
  <testcase name="verifyShelf" time="10.407" classname="Android.SanityDeviceBrowser"/>
  <testcase name="verifyFilter" time="69.563" classname="Android.SanityDeviceBrowser"/>
</testsuite> <!-- WPT Sanity Check -->
