<?xml version="1.0" encoding="UTF-8"?>
<!-- Generated by org.testng.reporters.JUnitXMLReporter -->
<testsuite hostname="QA-RANGARAJAN" ignored="0" name="WPT Sanity Check" tests="19" failures="0" timestamp="03 Jul 2020 05:59:47 GMT" time="948.546" errors="0">
  <testcase name="verify_ValidUser" time="12.76" classname="WPT.SanityTests"/>
  <testcase name="borrow_EBook" time="104.856" classname="WPT.SanityTests"/>
  <testcase name="borrow_AudioBook" time="57.573" classname="WPT.SanityTests"/>
  <testcase name="search_EBook" time="4.107" classname="WPT.SanityTests"/>
  <testcase name="search_AudioBook" time="4.37" classname="WPT.SanityTests"/>
  <testcase name="verify_Shelf" time="0.961" classname="WPT.SanityTests"/>
  <testcase name="verify_Filter" time="12.879" classname="WPT.SanityTests"/>
  <testcase name="verifyInvalidUser" time="14.769" classname="Android.SanityDeviceTest"/>
  <testcase name="verifyLogin" time="24.234" classname="Android.SanityDeviceTest"/>
  <testcase name="verify_BorrowEBook" time="33.964" classname="Android.SanityDeviceTest"/>
  <testcase name="verify_BorrowAudioBook" time="84.054" classname="Android.SanityDeviceTest"/>
  <testcase name="verify_eBookFilter" time="49.371" classname="Android.SanityDeviceTest"/>
  <testcase name="verify_AudioBookFilter" time="53.074" classname="Android.SanityDeviceTest"/>
  <testcase name="verifyShelfName" time="4.937" classname="Android.SanityDeviceTest"/>
  <testcase name="verifyValidLogin" time="27.33" classname="Android.SanityDeviceBrowser"/>
  <testcase name="verify_BorrowEBook" time="128.794" classname="Android.SanityDeviceBrowser"/>
  <testcase name="verify_BorrowAudioBook" time="88.249" classname="Android.SanityDeviceBrowser"/>
  <testcase name="verifyShelf" time="11.72" classname="Android.SanityDeviceBrowser"/>
  <testcase name="verifyFilter" time="67.128" classname="Android.SanityDeviceBrowser"/>
</testsuite> <!-- WPT Sanity Check -->
