<?xml version="1.0" encoding="UTF-8"?>
<testng-results skipped="0" failed="0" ignored="0" total="19" passed="19">
  <reporter-output>
  </reporter-output>
  <suite name="CloudLibrary_Sanity_Suite" duration-ms="948546" started-at="2020-07-03T05:43:59Z" finished-at="2020-07-03T05:59:47Z">
    <groups>
      <group name="DeviceBrowser">
        <method signature="SanityDeviceBrowser.verifyFilter()[pri:0, instance:Android.SanityDeviceBrowser@396f6598]" name="verifyFilter" class="Android.SanityDeviceBrowser"/>
        <method signature="SanityDeviceBrowser.verifyShelf()[pri:0, instance:Android.SanityDeviceBrowser@396f6598]" name="verifyShelf" class="Android.SanityDeviceBrowser"/>
        <method signature="SanityDeviceBrowser.verifyValidLogin()[pri:0, instance:Android.SanityDeviceBrowser@396f6598]" name="verifyValidLogin" class="Android.SanityDeviceBrowser"/>
        <method signature="SanityDeviceBrowser.verify_BorrowAudioBook()[pri:0, instance:Android.SanityDeviceBrowser@396f6598]" name="verify_BorrowAudioBook" class="Android.SanityDeviceBrowser"/>
        <method signature="SanityDeviceBrowser.verify_BorrowEBook()[pri:0, instance:Android.SanityDeviceBrowser@396f6598]" name="verify_BorrowEBook" class="Android.SanityDeviceBrowser"/>
      </group> <!-- DeviceBrowser -->
      <group name="WPT">
        <method signature="SanityTests.borrow_AudioBook()[pri:0, instance:WPT.SanityTests@1f7030a6]" name="borrow_AudioBook" class="WPT.SanityTests"/>
        <method signature="SanityTests.borrow_EBook()[pri:0, instance:WPT.SanityTests@1f7030a6]" name="borrow_EBook" class="WPT.SanityTests"/>
        <method signature="SanityTests.search_AudioBook()[pri:0, instance:WPT.SanityTests@1f7030a6]" name="search_AudioBook" class="WPT.SanityTests"/>
        <method signature="SanityTests.search_EBook()[pri:0, instance:WPT.SanityTests@1f7030a6]" name="search_EBook" class="WPT.SanityTests"/>
        <method signature="SanityTests.verify_Filter()[pri:0, instance:WPT.SanityTests@1f7030a6]" name="verify_Filter" class="WPT.SanityTests"/>
        <method signature="SanityTests.verify_Shelf()[pri:0, instance:WPT.SanityTests@1f7030a6]" name="verify_Shelf" class="WPT.SanityTests"/>
        <method signature="SanityTests.verify_ValidUser()[pri:0, instance:WPT.SanityTests@1f7030a6]" name="verify_ValidUser" class="WPT.SanityTests"/>
      </group> <!-- WPT -->
      <group name="Android">
        <method signature="SanityDeviceTest.verifyInvalidUser()[pri:0, instance:Android.SanityDeviceTest@5a1c0542]" name="verifyInvalidUser" class="Android.SanityDeviceTest"/>
        <method signature="SanityDeviceTest.verifyLogin()[pri:0, instance:Android.SanityDeviceTest@5a1c0542]" name="verifyLogin" class="Android.SanityDeviceTest"/>
        <method signature="SanityDeviceTest.verifyShelfName()[pri:0, instance:Android.SanityDeviceTest@5a1c0542]" name="verifyShelfName" class="Android.SanityDeviceTest"/>
        <method signature="SanityDeviceTest.verify_AudioBookFilter()[pri:0, instance:Android.SanityDeviceTest@5a1c0542]" name="verify_AudioBookFilter" class="Android.SanityDeviceTest"/>
        <method signature="SanityDeviceTest.verify_BorrowAudioBook()[pri:0, instance:Android.SanityDeviceTest@5a1c0542]" name="verify_BorrowAudioBook" class="Android.SanityDeviceTest"/>
        <method signature="SanityDeviceTest.verify_BorrowEBook()[pri:0, instance:Android.SanityDeviceTest@5a1c0542]" name="verify_BorrowEBook" class="Android.SanityDeviceTest"/>
        <method signature="SanityDeviceTest.verify_eBookFilter()[pri:0, instance:Android.SanityDeviceTest@5a1c0542]" name="verify_eBookFilter" class="Android.SanityDeviceTest"/>
      </group> <!-- Android -->
    </groups>
    <test name="WPT Sanity Check" duration-ms="948546" started-at="2020-07-03T05:43:59Z" finished-at="2020-07-03T05:59:47Z">
      <class name="WPT.SanityTests">
        <test-method status="PASS" signature="setUp()[pri:0, instance:WPT.SanityTests@1f7030a6]" name="setUp" is-config="true" duration-ms="13411" started-at="2020-07-03T05:43:59Z" finished-at="2020-07-03T05:44:12Z">
          <reporter-output>
          </reporter-output>
        </test-method> <!-- setUp -->
        <test-method status="PASS" signature="verify_ValidUser()[pri:0, instance:WPT.SanityTests@1f7030a6]" name="verify_ValidUser" duration-ms="12760" started-at="2020-07-03T05:44:12Z" description="Validate Authentication by entering Valid Credentials" finished-at="2020-07-03T05:44:25Z">
          <reporter-output>
          </reporter-output>
        </test-method> <!-- verify_ValidUser -->
        <test-method status="PASS" signature="borrow_EBook()[pri:0, instance:WPT.SanityTests@1f7030a6]" name="borrow_EBook" duration-ms="104856" started-at="2020-07-03T05:44:25Z" description="Borrow an EBook and verify the functionalities" finished-at="2020-07-03T05:46:10Z">
          <reporter-output>
          </reporter-output>
        </test-method> <!-- borrow_EBook -->
        <test-method status="PASS" signature="borrow_AudioBook()[pri:0, instance:WPT.SanityTests@1f7030a6]" name="borrow_AudioBook" duration-ms="57573" started-at="2020-07-03T05:46:10Z" description="Borrow an Audiobook and verify the functionalities" finished-at="2020-07-03T05:47:07Z">
          <reporter-output>
          </reporter-output>
        </test-method> <!-- borrow_AudioBook -->
        <test-method status="PASS" signature="search_EBook()[pri:0, instance:WPT.SanityTests@1f7030a6]" name="search_EBook" duration-ms="4107" started-at="2020-07-03T05:47:07Z" description="Search and verify the details of Ebook" finished-at="2020-07-03T05:47:11Z">
          <reporter-output>
          </reporter-output>
        </test-method> <!-- search_EBook -->
        <test-method status="PASS" signature="search_AudioBook()[pri:0, instance:WPT.SanityTests@1f7030a6]" name="search_AudioBook" duration-ms="4370" started-at="2020-07-03T05:47:11Z" description="Search and verify the details of Audiobook" finished-at="2020-07-03T05:47:16Z">
          <reporter-output>
          </reporter-output>
        </test-method> <!-- search_AudioBook -->
        <test-method status="PASS" signature="verify_Shelf()[pri:0, instance:WPT.SanityTests@1f7030a6]" name="verify_Shelf" duration-ms="961" started-at="2020-07-03T05:47:16Z" description="Verify the Shelf got loaded in the Featured Page" finished-at="2020-07-03T05:47:17Z">
          <reporter-output>
          </reporter-output>
        </test-method> <!-- verify_Shelf -->
        <test-method status="PASS" signature="verify_Filter()[pri:0, instance:WPT.SanityTests@1f7030a6]" name="verify_Filter" duration-ms="12879" started-at="2020-07-03T05:47:17Z" description="Verify the Filter functionality for EBook and Audiobook" finished-at="2020-07-03T05:47:30Z">
          <reporter-output>
          </reporter-output>
        </test-method> <!-- verify_Filter -->
        <test-method status="PASS" signature="tearDown()[pri:0, instance:WPT.SanityTests@1f7030a6]" name="tearDown" is-config="true" duration-ms="901" started-at="2020-07-03T05:47:30Z" finished-at="2020-07-03T05:47:30Z">
          <reporter-output>
          </reporter-output>
        </test-method> <!-- tearDown -->
      </class> <!-- WPT.SanityTests -->
      <class name="Android.SanityDeviceTest">
        <test-method status="PASS" signature="setUp()[pri:0, instance:Android.SanityDeviceTest@5a1c0542]" name="setUp" is-config="true" duration-ms="89158" started-at="2020-07-03T05:47:30Z" finished-at="2020-07-03T05:49:00Z">
          <reporter-output>
          </reporter-output>
        </test-method> <!-- setUp -->
        <test-method status="PASS" signature="verifyInvalidUser()[pri:0, instance:Android.SanityDeviceTest@5a1c0542]" name="verifyInvalidUser" duration-ms="14769" started-at="2020-07-03T05:49:00Z" description="Validate Authentication by entering Invalid Credentials" finished-at="2020-07-03T05:49:14Z">
          <reporter-output>
          </reporter-output>
        </test-method> <!-- verifyInvalidUser -->
        <test-method status="PASS" signature="verifyLogin()[pri:0, instance:Android.SanityDeviceTest@5a1c0542]" name="verifyLogin" duration-ms="24234" started-at="2020-07-03T05:49:14Z" description="TC_17012 Login [MSS]: Go through the overall login flow." finished-at="2020-07-03T05:49:39Z">
          <reporter-output>
          </reporter-output>
        </test-method> <!-- verifyLogin -->
        <test-method status="PASS" signature="verify_BorrowEBook()[pri:0, instance:Android.SanityDeviceTest@5a1c0542]" name="verify_BorrowEBook" duration-ms="33964" started-at="2020-07-03T05:49:39Z" description="Borrow the EBook and Verify" finished-at="2020-07-03T05:50:13Z">
          <reporter-output>
          </reporter-output>
        </test-method> <!-- verify_BorrowEBook -->
        <test-method status="PASS" signature="verify_BorrowAudioBook()[pri:0, instance:Android.SanityDeviceTest@5a1c0542]" name="verify_BorrowAudioBook" duration-ms="84054" started-at="2020-07-03T05:50:13Z" description="Borrow the AudioBook and Verify" finished-at="2020-07-03T05:51:37Z">
          <reporter-output>
          </reporter-output>
        </test-method> <!-- verify_BorrowAudioBook -->
        <test-method status="PASS" signature="verify_eBookFilter()[pri:0, instance:Android.SanityDeviceTest@5a1c0542]" name="verify_eBookFilter" duration-ms="49371" started-at="2020-07-03T05:51:37Z" description="Filter the eBooks" finished-at="2020-07-03T05:52:26Z">
          <reporter-output>
          </reporter-output>
        </test-method> <!-- verify_eBookFilter -->
        <test-method status="PASS" signature="verify_AudioBookFilter()[pri:0, instance:Android.SanityDeviceTest@5a1c0542]" name="verify_AudioBookFilter" duration-ms="53074" started-at="2020-07-03T05:52:26Z" description="Filter the AudioBooks" finished-at="2020-07-03T05:53:19Z">
          <reporter-output>
          </reporter-output>
        </test-method> <!-- verify_AudioBookFilter -->
        <test-method status="PASS" signature="verifyShelfName()[pri:0, instance:Android.SanityDeviceTest@5a1c0542]" name="verifyShelfName" duration-ms="4937" started-at="2020-07-03T05:53:19Z" description="Verify the Shelf Name" finished-at="2020-07-03T05:53:24Z">
          <reporter-output>
          </reporter-output>
        </test-method> <!-- verifyShelfName -->
        <test-method status="PASS" signature="tearDown()[pri:0, instance:Android.SanityDeviceTest@5a1c0542]" name="tearDown" is-config="true" duration-ms="3636" started-at="2020-07-03T05:53:24Z" finished-at="2020-07-03T05:53:28Z">
          <reporter-output>
          </reporter-output>
        </test-method> <!-- tearDown -->
      </class> <!-- Android.SanityDeviceTest -->
      <class name="Android.SanityDeviceBrowser">
        <test-method status="PASS" signature="setUp()[pri:0, instance:Android.SanityDeviceBrowser@396f6598]" name="setUp" is-config="true" duration-ms="56274" started-at="2020-07-03T05:53:28Z" finished-at="2020-07-03T05:54:24Z">
          <reporter-output>
          </reporter-output>
        </test-method> <!-- setUp -->
        <test-method status="PASS" signature="verifyValidLogin()[pri:0, instance:Android.SanityDeviceBrowser@396f6598]" name="verifyValidLogin" duration-ms="27330" started-at="2020-07-03T05:54:24Z" description="Login [MSS]: Go through the overall login flow." finished-at="2020-07-03T05:54:51Z">
          <reporter-output>
          </reporter-output>
        </test-method> <!-- verifyValidLogin -->
        <test-method status="PASS" signature="verify_BorrowEBook()[pri:0, instance:Android.SanityDeviceBrowser@396f6598]" name="verify_BorrowEBook" duration-ms="128794" started-at="2020-07-03T05:54:51Z" description="Borrow the EBook and Verify" finished-at="2020-07-03T05:57:00Z">
          <reporter-output>
          </reporter-output>
        </test-method> <!-- verify_BorrowEBook -->
        <test-method status="PASS" signature="verify_BorrowAudioBook()[pri:0, instance:Android.SanityDeviceBrowser@396f6598]" name="verify_BorrowAudioBook" duration-ms="88249" started-at="2020-07-03T05:57:00Z" description="Borrow the Audiobook and Verify" finished-at="2020-07-03T05:58:28Z">
          <reporter-output>
          </reporter-output>
        </test-method> <!-- verify_BorrowAudioBook -->
        <test-method status="PASS" signature="verifyShelf()[pri:0, instance:Android.SanityDeviceBrowser@396f6598]" name="verifyShelf" duration-ms="11720" started-at="2020-07-03T05:58:28Z" description="Verify the Shelf got loaded in the Featured Page " finished-at="2020-07-03T05:58:40Z">
          <reporter-output>
          </reporter-output>
        </test-method> <!-- verifyShelf -->
        <test-method status="PASS" signature="verifyFilter()[pri:0, instance:Android.SanityDeviceBrowser@396f6598]" name="verifyFilter" duration-ms="67128" started-at="2020-07-03T05:58:40Z" description="Verify the filter functionality for EBook and Audiobook" finished-at="2020-07-03T05:59:47Z">
          <reporter-output>
          </reporter-output>
        </test-method> <!-- verifyFilter -->
        <test-method status="PASS" signature="tearDown()[pri:0, instance:Android.SanityDeviceBrowser@396f6598]" name="tearDown" is-config="true" duration-ms="0" started-at="2020-07-03T05:59:47Z" finished-at="2020-07-03T05:59:47Z">
          <reporter-output>
          </reporter-output>
        </test-method> <!-- tearDown -->
      </class> <!-- Android.SanityDeviceBrowser -->
    </test> <!-- WPT Sanity Check -->
  </suite> <!-- CloudLibrary_Sanity_Suite -->
</testng-results>
